Determining if the pthread_create exist failed with the following output:
Change Dir: /home/hugo/UFOP_Ubuntu/robotica_movel/repo/catkin_ws/build/CMakeFiles/CMakeTmp

Run Build Command:/usr/bin/make "cmTryCompileExec2469181607/fast"
/usr/bin/make -f CMakeFiles/cmTryCompileExec2469181607.dir/build.make CMakeFiles/cmTryCompileExec2469181607.dir/build
make[1]: Entrando no diretório `/home/hugo/UFOP_Ubuntu/robotica_movel/repo/catkin_ws/build/CMakeFiles/CMakeTmp'
/usr/bin/cmake -E cmake_progress_report /home/hugo/UFOP_Ubuntu/robotica_movel/repo/catkin_ws/build/CMakeFiles/CMakeTmp/CMakeFiles 1
Building C object CMakeFiles/cmTryCompileExec2469181607.dir/CheckSymbolExists.c.o
/usr/bin/cc    -o CMakeFiles/cmTryCompileExec2469181607.dir/CheckSymbolExists.c.o   -c /home/hugo/UFOP_Ubuntu/robotica_movel/repo/catkin_ws/build/CMakeFiles/CMakeTmp/CheckSymbolExists.c
Linking C executable cmTryCompileExec2469181607
/usr/bin/cmake -E cmake_link_script CMakeFiles/cmTryCompileExec2469181607.dir/link.txt --verbose=1
/usr/bin/cc       CMakeFiles/cmTryCompileExec2469181607.dir/CheckSymbolExists.c.o  -o cmTryCompileExec2469181607 -rdynamic 
CMakeFiles/cmTryCompileExec2469181607.dir/CheckSymbolExists.c.o: na função `main':
CheckSymbolExists.c:(.text+0x16): referência indefinida para `pthread_create'
collect2: error: ld returned 1 exit status
make[1]: ** [cmTryCompileExec2469181607] Erro 1
make[1]: Saindo do diretório `/home/hugo/UFOP_Ubuntu/robotica_movel/repo/catkin_ws/build/CMakeFiles/CMakeTmp'
make: ** [cmTryCompileExec2469181607/fast] Erro 2

File /home/hugo/UFOP_Ubuntu/robotica_movel/repo/catkin_ws/build/CMakeFiles/CMakeTmp/CheckSymbolExists.c:
/* */
#include <pthread.h>

int main(int argc, char** argv)
{
  (void)argv;
#ifndef pthread_create
  return ((int*)(&pthread_create))[argc];
#else
  (void)argc;
  return 0;
#endif
}

Determining if the function pthread_create exists in the pthreads failed with the following output:
Change Dir: /home/hugo/UFOP_Ubuntu/robotica_movel/repo/catkin_ws/build/CMakeFiles/CMakeTmp

Run Build Command:/usr/bin/make "cmTryCompileExec3129302484/fast"
/usr/bin/make -f CMakeFiles/cmTryCompileExec3129302484.dir/build.make CMakeFiles/cmTryCompileExec3129302484.dir/build
make[1]: Entrando no diretório `/home/hugo/UFOP_Ubuntu/robotica_movel/repo/catkin_ws/build/CMakeFiles/CMakeTmp'
/usr/bin/cmake -E cmake_progress_report /home/hugo/UFOP_Ubuntu/robotica_movel/repo/catkin_ws/build/CMakeFiles/CMakeTmp/CMakeFiles 1
Building C object CMakeFiles/cmTryCompileExec3129302484.dir/CheckFunctionExists.c.o
/usr/bin/cc   -DCHECK_FUNCTION_EXISTS=pthread_create   -o CMakeFiles/cmTryCompileExec3129302484.dir/CheckFunctionExists.c.o   -c /usr/share/cmake-2.8/Modules/CheckFunctionExists.c
Linking C executable cmTryCompileExec3129302484
/usr/bin/cmake -E cmake_link_script CMakeFiles/cmTryCompileExec3129302484.dir/link.txt --verbose=1
/usr/bin/cc   -DCHECK_FUNCTION_EXISTS=pthread_create    CMakeFiles/cmTryCompileExec3129302484.dir/CheckFunctionExists.c.o  -o cmTryCompileExec3129302484 -rdynamic -lpthreads 
/usr/bin/ld: não foi possível encontrar -lpthreads
collect2: error: ld returned 1 exit status
make[1]: ** [cmTryCompileExec3129302484] Erro 1
make[1]: Saindo do diretório `/home/hugo/UFOP_Ubuntu/robotica_movel/repo/catkin_ws/build/CMakeFiles/CMakeTmp'
make: ** [cmTryCompileExec3129302484/fast] Erro 2


