Determining if the pthread_create exist failed with the following output:
Change Dir: /home/hugo/UFOP_Ubuntu/robotica_movel/aulas/ws_roboticamovel/build/CMakeFiles/CMakeTmp

Run Build Command:/usr/bin/make "cmTryCompileExec1134510241/fast"
/usr/bin/make -f CMakeFiles/cmTryCompileExec1134510241.dir/build.make CMakeFiles/cmTryCompileExec1134510241.dir/build
make[1]: Entrando no diretório `/home/hugo/UFOP_Ubuntu/robotica_movel/aulas/ws_roboticamovel/build/CMakeFiles/CMakeTmp'
/usr/bin/cmake -E cmake_progress_report /home/hugo/UFOP_Ubuntu/robotica_movel/aulas/ws_roboticamovel/build/CMakeFiles/CMakeTmp/CMakeFiles 1
Building C object CMakeFiles/cmTryCompileExec1134510241.dir/CheckSymbolExists.c.o
/usr/bin/cc    -o CMakeFiles/cmTryCompileExec1134510241.dir/CheckSymbolExists.c.o   -c /home/hugo/UFOP_Ubuntu/robotica_movel/aulas/ws_roboticamovel/build/CMakeFiles/CMakeTmp/CheckSymbolExists.c
Linking C executable cmTryCompileExec1134510241
/usr/bin/cmake -E cmake_link_script CMakeFiles/cmTryCompileExec1134510241.dir/link.txt --verbose=1
/usr/bin/cc       CMakeFiles/cmTryCompileExec1134510241.dir/CheckSymbolExists.c.o  -o cmTryCompileExec1134510241 -rdynamic 
CMakeFiles/cmTryCompileExec1134510241.dir/CheckSymbolExists.c.o: na função `main':
CheckSymbolExists.c:(.text+0x16): referência indefinida para `pthread_create'
collect2: error: ld returned 1 exit status
make[1]: ** [cmTryCompileExec1134510241] Erro 1
make[1]: Saindo do diretório `/home/hugo/UFOP_Ubuntu/robotica_movel/aulas/ws_roboticamovel/build/CMakeFiles/CMakeTmp'
make: ** [cmTryCompileExec1134510241/fast] Erro 2

File /home/hugo/UFOP_Ubuntu/robotica_movel/aulas/ws_roboticamovel/build/CMakeFiles/CMakeTmp/CheckSymbolExists.c:
/* */
#include <pthread.h>

int main(int argc, char** argv)
{
  (void)argv;
#ifndef pthread_create
  return ((int*)(&pthread_create))[argc];
#else
  (void)argc;
  return 0;
#endif
}

Determining if the function pthread_create exists in the pthreads failed with the following output:
Change Dir: /home/hugo/UFOP_Ubuntu/robotica_movel/aulas/ws_roboticamovel/build/CMakeFiles/CMakeTmp

Run Build Command:/usr/bin/make "cmTryCompileExec633054809/fast"
/usr/bin/make -f CMakeFiles/cmTryCompileExec633054809.dir/build.make CMakeFiles/cmTryCompileExec633054809.dir/build
make[1]: Entrando no diretório `/home/hugo/UFOP_Ubuntu/robotica_movel/aulas/ws_roboticamovel/build/CMakeFiles/CMakeTmp'
/usr/bin/cmake -E cmake_progress_report /home/hugo/UFOP_Ubuntu/robotica_movel/aulas/ws_roboticamovel/build/CMakeFiles/CMakeTmp/CMakeFiles 1
Building C object CMakeFiles/cmTryCompileExec633054809.dir/CheckFunctionExists.c.o
/usr/bin/cc   -DCHECK_FUNCTION_EXISTS=pthread_create   -o CMakeFiles/cmTryCompileExec633054809.dir/CheckFunctionExists.c.o   -c /usr/share/cmake-2.8/Modules/CheckFunctionExists.c
Linking C executable cmTryCompileExec633054809
/usr/bin/cmake -E cmake_link_script CMakeFiles/cmTryCompileExec633054809.dir/link.txt --verbose=1
/usr/bin/cc   -DCHECK_FUNCTION_EXISTS=pthread_create    CMakeFiles/cmTryCompileExec633054809.dir/CheckFunctionExists.c.o  -o cmTryCompileExec633054809 -rdynamic -lpthreads 
/usr/bin/ld: não foi possível encontrar -lpthreads
collect2: error: ld returned 1 exit status
make[1]: ** [cmTryCompileExec633054809] Erro 1
make[1]: Saindo do diretório `/home/hugo/UFOP_Ubuntu/robotica_movel/aulas/ws_roboticamovel/build/CMakeFiles/CMakeTmp'
make: ** [cmTryCompileExec633054809/fast] Erro 2


